0 info it worked if it ends with ok
1 verbose cli [ 'node', '/usr/local/bin/npm', 'version', 'patch' ]
2 info using npm@2.7.4
3 info using node@v0.12.2
4 info git [ 'status', '--porcelain' ]
5 error git status --porcelain
6 verbose version.write data { name: 'sizmek2htmlflash',
6 verbose version.write   version: '1.0.1',
6 verbose version.write   description: 'Npm modele that execute Grunt task to implement Sizmek clicktag code into HTML banner made with Flash CC',
6 verbose version.write   license: 'MIT',
6 verbose version.write   repository: 'zguillez/sizmek2htmlflash',
6 verbose version.write   author:
6 verbose version.write    { name: 'Guillermo de la Iglesia',
6 verbose version.write      email: 'mail@zguillez.io',
6 verbose version.write      url: 'https://github.com/zguillez' },
6 verbose version.write   main: 'index.js',
6 verbose version.write   scripts: { test: 'echo "Error: no test specified" && exit 1' },
6 verbose version.write   devDependencies:
6 verbose version.write    { grunt: '^0.4.5',
6 verbose version.write      'grunt-contrib-copy': '^0.8.2',
6 verbose version.write      'grunt-mkdir': '^0.1.2',
6 verbose version.write      'grunt-rename': '^0.1.4',
6 verbose version.write      'grunt-text-replace': '^0.4.0' } } to package.json
7 info git [ 'add', 'package.json' ]
8 error git add package.json
9 verbose stack Error: Command failed: git add package.json
9 verbose stack
9 verbose stack
9 verbose stack Agreeing to the Xcode/iOS license requires admin privileges, please re-run as root via sudo.
9 verbose stack
9 verbose stack
9 verbose stack
9 verbose stack     at ChildProcess.exithandler (child_process.js:751:12)
9 verbose stack     at ChildProcess.emit (events.js:110:17)
9 verbose stack     at maybeClose (child_process.js:1015:16)
9 verbose stack     at Socket.<anonymous> (child_process.js:1183:11)
9 verbose stack     at Socket.emit (events.js:107:17)
9 verbose stack     at Pipe.close (net.js:485:12)
10 verbose cwd /Users/zguillez/Documents/SVN/sizmek2htmlflash
11 error Darwin 14.5.0
12 error argv "node" "/usr/local/bin/npm" "version" "patch"
13 error node v0.12.2
14 error npm  v2.7.4
15 error code 69
16 error Command failed: git add package.json
16 error
16 error
16 error Agreeing to the Xcode/iOS license requires admin privileges, please re-run as root via sudo.
17 error If you need help, you may report this error at:
17 error     <https://github.com/npm/npm/issues>
18 verbose exit [ 1, true ]
